0 info it worked if it ends with ok
1 verbose cli [ 'C:\\Program Files\\nodejs\\node.exe',
1 verbose cli   'C:\\Program Files\\nodejs\\node_modules\\npm\\bin\\npm-cli.js',
1 verbose cli   'start' ]
2 info using npm@3.10.8
3 info using node@v6.9.1
4 verbose run-script [ 'prestart', 'start', 'poststart' ]
5 info lifecycle ng2-drag-drop@0.5.3~prestart: ng2-drag-drop@0.5.3
6 silly lifecycle ng2-drag-drop@0.5.3~prestart: no script for prestart, continuing
7 info lifecycle ng2-drag-drop@0.5.3~start: ng2-drag-drop@0.5.3
8 verbose lifecycle ng2-drag-drop@0.5.3~start: unsafe-perm in lifecycle true
9 verbose lifecycle ng2-drag-drop@0.5.3~start: PATH: C:\Program Files\nodejs\node_modules\npm\bin\node-gyp-bin;C:\Users\rpash\Desktop\ng2-drag-drop-master\node_modules\.bin;C:\WINDOWS\system32;C:\WINDOWS;C:\WINDOWS\System32\Wbem;C:\WINDOWS\System32\WindowsPowerShell\v1.0\;c:\Program Files\Intel\IntelSGXPSW\bin\x64\Release\;c:\Program Files\Intel\IntelSGXPSW\bin\win32\Release\;C:\Program Files\Intel\WiFi\bin\;C:\Program Files\Common Files\Intel\WirelessCommon\;C:\Program Files (x86)\Skype\Phone\;C:\Program Files\Microsoft SQL Server\130\Tools\Binn\;C:\Program Files\nodejs\;C:\Program Files\Git\cmd;C:\Program Files\Microsoft SQL Server\120\Tools\Binn\;C:\Program Files\dotnet\;C:\Program Files (x86)\dotnet\;C:\Program Files (x86)\Microsoft VS Code\bin;C:\Users\rpash\AppData\Local\Microsoft\WindowsApps;C:\Users\rpash\AppData\Roaming\npm
10 verbose lifecycle ng2-drag-drop@0.5.3~start: CWD: C:\Users\rpash\Desktop\ng2-drag-drop-master
11 silly lifecycle ng2-drag-drop@0.5.3~start: Args: [ '/d /s /c', 'tsc && concurrently "tsc -w" "lite-server" ' ]
12 silly lifecycle ng2-drag-drop@0.5.3~start: Returned: code: 3221225786  signal: null
13 info lifecycle ng2-drag-drop@0.5.3~start: Failed to exec start script
14 verbose stack Error: ng2-drag-drop@0.5.3 start: `tsc && concurrently "tsc -w" "lite-server" `
14 verbose stack Exit status 3221225786
14 verbose stack     at EventEmitter.<anonymous> (C:\Program Files\nodejs\node_modules\npm\lib\utils\lifecycle.js:255:16)
14 verbose stack     at emitTwo (events.js:106:13)
14 verbose stack     at EventEmitter.emit (events.js:191:7)
14 verbose stack     at ChildProcess.<anonymous> (C:\Program Files\nodejs\node_modules\npm\lib\utils\spawn.js:40:14)
14 verbose stack     at emitTwo (events.js:106:13)
14 verbose stack     at ChildProcess.emit (events.js:191:7)
14 verbose stack     at maybeClose (internal/child_process.js:877:16)
14 verbose stack     at Process.ChildProcess._handle.onexit (internal/child_process.js:226:5)
15 verbose pkgid ng2-drag-drop@0.5.3
16 verbose cwd C:\Users\rpash\Desktop\ng2-drag-drop-master
17 error Windows_NT 10.0.14393
18 error argv "C:\\Program Files\\nodejs\\node.exe" "C:\\Program Files\\nodejs\\node_modules\\npm\\bin\\npm-cli.js" "start"
19 error node v6.9.1
20 error npm  v3.10.8
21 error code ELIFECYCLE
22 error ng2-drag-drop@0.5.3 start: `tsc && concurrently "tsc -w" "lite-server" `
22 error Exit status 3221225786
23 error Failed at the ng2-drag-drop@0.5.3 start script 'tsc && concurrently "tsc -w" "lite-server" '.
23 error Make sure you have the latest version of node.js and npm installed.
23 error If you do, this is most likely a problem with the ng2-drag-drop package,
23 error not with npm itself.
23 error Tell the author that this fails on your system:
23 error     tsc && concurrently "tsc -w" "lite-server"
23 error You can get information on how to open an issue for this project with:
23 error     npm bugs ng2-drag-drop
23 error Or if that isn't available, you can get their info via:
23 error     npm owner ls ng2-drag-drop
23 error There is likely additional logging output above.
24 verbose exit [ 1, true ]
